25/05/25 15:24:10.280 [main] INFO  c.a.artemisia.ArtemisiaApplication.logStarting 53 - Starting ArtemisiaApplication using Java 23.0.2 with PID 3084 (C:\Users\lucas\OneDrive\Desktop\springboot\artemisia\artemisia\target\classes started by lucas in C:\Users\lucas\OneDrive\Desktop\springboot\artemisia\artemisia)
25/05/25 15:24:10.289 [main] INFO  c.a.artemisia.ArtemisiaApplication.logStartupProfileInfo 652 - No active profile set, falling back to 1 default profile: "default"
25/05/25 15:24:12.367 [main] INFO  o.a.coyote.http11.Http11NioProtocol.log 168 - Initializing ProtocolHandler ["http-nio-8080"]
25/05/25 15:24:12.370 [main] INFO  o.a.catalina.core.StandardService.log 168 - Starting service [Tomcat]
25/05/25 15:24:12.370 [main] INFO  o.a.catalina.core.StandardEngine.log 168 - Starting Servlet engine: [Apache Tomcat/10.1.40]
25/05/25 15:24:12.454 [main] INFO  o.a.c.c.C.[Tomcat].[localhost].[/].log 168 - Initializing Spring embedded WebApplicationContext
25/05/25 15:24:12.534 [main] INFO  c.a.artemisia.config.CorsFilter.init 22 - [init], CORS Filter init
25/05/25 15:24:13.422 [main] INFO  com.zaxxer.hikari.HikariDataSource.getConnection 109 - HikariPool-1 - Starting...
25/05/25 15:24:13.743 [main] INFO  com.zaxxer.hikari.pool.HikariPool.checkFailFast 554 - HikariPool-1 - Added connection org.postgresql.jdbc.PgConnection@3add5e17
25/05/25 15:24:13.745 [main] INFO  com.zaxxer.hikari.HikariDataSource.getConnection 122 - HikariPool-1 - Start completed.
25/05/25 15:24:19.135 [main] WARN  o.s.b.a.o.j.JpaBaseConfiguration$JpaWebConfiguration.openEntityManagerInViewInterceptor 258 - spring.jpa.open-in-view is enabled by default. Therefore, database queries may be performed during view rendering. Explicitly configure spring.jpa.open-in-view to disable this warning
25/05/25 15:24:20.780 [main] INFO  o.a.coyote.http11.Http11NioProtocol.log 168 - Starting ProtocolHandler ["http-nio-8080"]
25/05/25 15:24:20.790 [main] WARN  o.s.b.w.s.c.AnnotationConfigServletWebServerApplicationContext.refresh 635 - Exception encountered during context initialization - cancelling refresh attempt: org.springframework.context.ApplicationContextException: Failed to start bean 'webServerStartStop'
25/05/25 15:24:20.799 [main] INFO  com.zaxxer.hikari.HikariDataSource.close 349 - HikariPool-1 - Shutdown initiated...
25/05/25 15:24:20.804 [main] INFO  com.zaxxer.hikari.HikariDataSource.close 351 - HikariPool-1 - Shutdown completed.
25/05/25 15:24:20.870 [main] ERROR o.s.b.d.LoggingFailureAnalysisReporter.report 40 - 

***************************
APPLICATION FAILED TO START
***************************

Description:

Web server failed to start. Port 8080 was already in use.

Action:

Identify and stop the process that's listening on port 8080 or configure this application to listen on another port.

25/05/25 15:28:22.737 [main] INFO  c.a.artemisia.ArtemisiaApplication.logStarting 53 - Starting ArtemisiaApplication using Java 23.0.2 with PID 16096 (C:\Users\lucas\OneDrive\Desktop\springboot\artemisia\artemisia\target\classes started by lucas in C:\Users\lucas\OneDrive\Desktop\springboot\artemisia\artemisia)
25/05/25 15:28:22.740 [main] INFO  c.a.artemisia.ArtemisiaApplication.logStartupProfileInfo 652 - No active profile set, falling back to 1 default profile: "default"
25/05/25 15:28:24.685 [main] INFO  o.a.coyote.http11.Http11NioProtocol.log 168 - Initializing ProtocolHandler ["http-nio-8080"]
25/05/25 15:28:24.688 [main] INFO  o.a.catalina.core.StandardService.log 168 - Starting service [Tomcat]
25/05/25 15:28:24.688 [main] INFO  o.a.catalina.core.StandardEngine.log 168 - Starting Servlet engine: [Apache Tomcat/10.1.40]
25/05/25 15:28:24.762 [main] INFO  o.a.c.c.C.[Tomcat].[localhost].[/].log 168 - Initializing Spring embedded WebApplicationContext
25/05/25 15:28:24.840 [main] INFO  c.a.artemisia.config.CorsFilter.init 22 - [init], CORS Filter init
25/05/25 15:28:25.572 [main] INFO  com.zaxxer.hikari.HikariDataSource.getConnection 109 - HikariPool-1 - Starting...
25/05/25 15:28:25.790 [main] INFO  com.zaxxer.hikari.pool.HikariPool.checkFailFast 554 - HikariPool-1 - Added connection org.postgresql.jdbc.PgConnection@df9d400
25/05/25 15:28:25.793 [main] INFO  com.zaxxer.hikari.HikariDataSource.getConnection 122 - HikariPool-1 - Start completed.
25/05/25 15:28:29.487 [main] WARN  o.s.b.a.o.j.JpaBaseConfiguration$JpaWebConfiguration.openEntityManagerInViewInterceptor 258 - spring.jpa.open-in-view is enabled by default. Therefore, database queries may be performed during view rendering. Explicitly configure spring.jpa.open-in-view to disable this warning
25/05/25 15:28:30.449 [main] INFO  o.a.coyote.http11.Http11NioProtocol.log 168 - Starting ProtocolHandler ["http-nio-8080"]
25/05/25 15:28:30.485 [main] INFO  c.a.artemisia.ArtemisiaApplication.logStarted 59 - Started ArtemisiaApplication in 8.234 seconds (process running for 9.295)
25/05/25 15:47:43.789 [http-nio-8080-exec-2] INFO  o.a.c.c.C.[Tomcat].[localhost].[/].log 168 - Initializing Spring DispatcherServlet 'dispatcherServlet'
25/05/25 15:58:50.963 [SpringApplicationShutdownHook] INFO  com.zaxxer.hikari.HikariDataSource.close 349 - HikariPool-1 - Shutdown initiated...
25/05/25 15:58:50.976 [SpringApplicationShutdownHook] INFO  com.zaxxer.hikari.HikariDataSource.close 351 - HikariPool-1 - Shutdown completed.
